# JRE version: Java(TM) SE Runtime Environment (8.0_73-b02) (build 1.8.0_73-b02)
# Java VM: Java HotSpot(TM) 64-Bit Server VM (25.73-b02 mixed mode windows-amd64 compressed oops)
Heap:
 PSYoungGen      total 140800K, used 52748K [0x00000000d5c00000, 0x00000000dee00000, 0x0000000100000000)
  eden space 133120K, 39% used [0x00000000d5c00000,0x00000000d8f833e8,0x00000000dde00000)
  from space 7680K, 0% used [0x00000000de680000,0x00000000de680000,0x00000000dee00000)
  to   space 8192K, 0% used [0x00000000dde00000,0x00000000dde00000,0x00000000de600000)
 ParOldGen       total 66048K, used 19863K [0x0000000081400000, 0x0000000085480000, 0x00000000d5c00000)
  object space 66048K, 30% used [0x0000000081400000,0x0000000082765f48,0x0000000085480000)
 Metaspace       used 35592K, capacity 36098K, committed 36608K, reserved 1081344K
  class space    used 4377K, capacity 4502K, committed 4608K, reserved 1048576K
GC Heap History (10 events):
Event: 9.358 GC heap before
{Heap before GC invocations=6 (full 0):
 PSYoungGen      total 71680K, used 8960K [0x00000000d5c00000, 0x00000000def00000, 0x0000000100000000)
  eden space 66560K, 5% used [0x00000000d5c00000,0x00000000d5fc6048,0x00000000d9d00000)
  from space 5120K, 99% used [0x00000000d9d00000,0x00000000da1fa020,0x00000000da200000)
  to   space 8704K, 0% used [0x00000000de680000,0x00000000de680000,0x00000000def00000)
 ParOldGen       total 87552K, used 5799K [0x0000000081400000, 0x0000000086980000, 0x00000000d5c00000)
  object space 87552K, 6% used [0x0000000081400000,0x00000000819a9c10,0x0000000086980000)
 Metaspace       used 20824K, capacity 21240K, committed 21296K, reserved 1069056K
  class space    used 2548K, capacity 2687K, committed 2688K, reserved 1048576K
Event: 9.413 GC heap after
Heap after GC invocations=6 (full 0):
 PSYoungGen      total 140800K, used 5386K [0x00000000d5c00000, 0x00000000dee00000, 0x0000000100000000)
  eden space 133120K, 0% used [0x00000000d5c00000,0x00000000d5c00000,0x00000000dde00000)
  from space 7680K, 70% used [0x00000000de680000,0x00000000debc2840,0x00000000dee00000)
  to   space 8192K, 0% used [0x00000000dde00000,0x00000000dde00000,0x00000000de600000)
 ParOldGen       total 87552K, used 5807K [0x0000000081400000, 0x0000000086980000, 0x00000000d5c00000)
  object space 87552K, 6% used [0x0000000081400000,0x00000000819abc10,0x0000000086980000)
 Metaspace       used 20824K, capacity 21240K, committed 21296K, reserved 1069056K
  class space    used 2548K, capacity 2687K, committed 2688K, reserved 1048576K
}
Event: 9.413 GC heap before
{Heap before GC invocations=7 (full 1):
 PSYoungGen      total 140800K, used 5386K [0x00000000d5c00000, 0x00000000dee00000, 0x0000000100000000)
  eden space 133120K, 0% used [0x00000000d5c00000,0x00000000d5c00000,0x00000000dde00000)
  from space 7680K, 70% used [0x00000000de680000,0x00000000debc2840,0x00000000dee00000)
  to   space 8192K, 0% used [0x00000000dde00000,0x00000000dde00000,0x00000000de600000)
 ParOldGen       total 87552K, used 5807K [0x0000000081400000, 0x0000000086980000, 0x00000000d5c00000)
  object space 87552K, 6% used [0x0000000081400000,0x00000000819abc10,0x0000000086980000)
 Metaspace       used 20824K, capacity 21240K, committed 21296K, reserved 1069056K
  class space    used 2548K, capacity 2687K, committed 2688K, reserved 1048576K
Event: 9.510 GC heap after
Heap after GC invocations=7 (full 1):
 PSYoungGen      total 140800K, used 0K [0x00000000d5c00000, 0x00000000dee00000, 0x0000000100000000)
  eden space 133120K, 0% used [0x00000000d5c00000,0x00000000d5c00000,0x00000000dde00000)
  from space 7680K, 0% used [0x00000000de680000,0x00000000de680000,0x00000000dee00000)
  to   space 8192K, 0% used [0x00000000dde00000,0x00000000dde00000,0x00000000de600000)
 ParOldGen       total 45568K, used 6470K [0x0000000081400000, 0x0000000084080000, 0x00000000d5c00000)
  object space 45568K, 14% used [0x0000000081400000,0x0000000081a51810,0x0000000084080000)
 Metaspace       used 20824K, capacity 21240K, committed 21296K, reserved 1069056K
  class space    used 2548K, capacity 2687K, committed 2688K, reserved 1048576K
}
Event: 26.910 GC heap before
{Heap before GC invocations=8 (full 1):
 PSYoungGen      total 140800K, used 133120K [0x00000000d5c00000, 0x00000000dee00000, 0x0000000100000000)
  eden space 133120K, 100% used [0x00000000d5c00000,0x00000000dde00000,0x00000000dde00000)
  from space 7680K, 0% used [0x00000000de680000,0x00000000de680000,0x00000000dee00000)
  to   space 8192K, 0% used [0x00000000dde00000,0x00000000dde00000,0x00000000de600000)
 ParOldGen       total 45568K, used 6470K [0x0000000081400000, 0x0000000084080000, 0x00000000d5c00000)
  object space 45568K, 14% used [0x0000000081400000,0x0000000081a51810,0x0000000084080000)
 Metaspace       used 30361K, capacity 30828K, committed 30976K, reserved 1077248K
  class space    used 3710K, capacity 3821K, committed 3840K, reserved 1048576K
Event: 26.962 GC heap after
Heap after GC invocations=8 (full 1):
 PSYoungGen      total 141312K, used 8191K [0x00000000d5c00000, 0x00000000dee00000, 0x0000000100000000)
  eden space 133120K, 0% used [0x00000000d5c00000,0x00000000d5c00000,0x00000000dde00000)
  from space 8192K, 99% used [0x00000000dde00000,0x00000000de5ffc30,0x00000000de600000)
  to   space 7680K, 0% used [0x00000000de680000,0x00000000de680000,0x00000000dee00000)
 ParOldGen       total 45568K, used 12511K [0x0000000081400000, 0x0000000084080000, 0x00000000d5c00000)
  object space 45568K, 27% used [0x0000000081400000,0x0000000082037c10,0x0000000084080000)
 Metaspace       used 30361K, capacity 30828K, committed 30976K, reserved 1077248K
  class space    used 3710K, capacity 3821K, committed 3840K, reserved 1048576K
}
Event: 31.956 GC heap before
{Heap before GC invocations=9 (full 1):
 PSYoungGen      total 141312K, used 94978K [0x00000000d5c00000, 0x00000000dee00000, 0x0000000100000000)
  eden space 133120K, 65% used [0x00000000d5c00000,0x00000000db0c0f58,0x00000000dde00000)
  from space 8192K, 99% used [0x00000000dde00000,0x00000000de5ffc30,0x00000000de600000)
  to   space 7680K, 0% used [0x00000000de680000,0x00000000de680000,0x00000000dee00000)
 ParOldGen       total 45568K, used 12511K [0x0000000081400000, 0x0000000084080000, 0x00000000d5c00000)
  object space 45568K, 27% used [0x0000000081400000,0x0000000082037c10,0x0000000084080000)
 Metaspace       used 34773K, capacity 35192K, committed 35456K, reserved 1081344K
  class space    used 4284K, capacity 4399K, committed 4480K, reserved 1048576K
Event: 32.052 GC heap after
Heap after GC invocations=9 (full 1):
 PSYoungGen      total 140800K, used 7648K [0x00000000d5c00000, 0x00000000dee00000, 0x0000000100000000)
  eden space 133120K, 0% used [0x00000000d5c00000,0x00000000d5c00000,0x00000000dde00000)
  from space 7680K, 99% used [0x00000000de680000,0x00000000dedf8020,0x00000000dee00000)
  to   space 8192K, 0% used [0x00000000dde00000,0x00000000dde00000,0x00000000de600000)
 ParOldGen       total 45568K, used 18450K [0x0000000081400000, 0x0000000084080000, 0x00000000d5c00000)
  object space 45568K, 40% used [0x0000000081400000,0x0000000082604870,0x0000000084080000)
 Metaspace       used 34773K, capacity 35192K, committed 35456K, reserved 1081344K
  class space    used 4284K, capacity 4399K, committed 4480K, reserved 1048576K
}
Event: 32.052 GC heap before
{Heap before GC invocations=10 (full 2):
 PSYoungGen      total 140800K, used 7648K [0x00000000d5c00000, 0x00000000dee00000, 0x0000000100000000)
  eden space 133120K, 0% used [0x00000000d5c00000,0x00000000d5c00000,0x00000000dde00000)
  from space 7680K, 99% used [0x00000000de680000,0x00000000dedf8020,0x00000000dee00000)
  to   space 8192K, 0% used [0x00000000dde00000,0x00000000dde00000,0x00000000de600000)
 ParOldGen       total 45568K, used 18450K [0x0000000081400000, 0x0000000084080000, 0x00000000d5c00000)
  object space 45568K, 40% used [0x0000000081400000,0x0000000082604870,0x0000000084080000)
 Metaspace       used 34773K, capacity 35192K, committed 35456K, reserved 1081344K
  class space    used 4284K, capacity 4399K, committed 4480K, reserved 1048576K
Event: 32.193 GC heap after
Heap after GC invocations=10 (full 2):
 PSYoungGen      total 140800K, used 0K [0x00000000d5c00000, 0x00000000dee00000, 0x0000000100000000)
  eden space 133120K, 0% used [0x00000000d5c00000,0x00000000d5c00000,0x00000000dde00000)
  from space 7680K, 0% used [0x00000000de680000,0x00000000de680000,0x00000000dee00000)
  to   space 8192K, 0% used [0x00000000dde00000,0x00000000dde00000,0x00000000de600000)
 ParOldGen       total 66048K, used 19863K [0x0000000081400000, 0x0000000085480000, 0x00000000d5c00000)
  object space 66048K, 30% used [0x0000000081400000,0x0000000082765f48,0x0000000085480000)
 Metaspace       used 34773K, capacity 35192K, committed 35456K, reserved 1081344K
  class space    used 4284K, capacity 4399K, committed 4480K, reserved 1048576K
}

